CLI options: Namespace(params=en-brown-conll03.properties)
-> Token features added!: Window range 2:2
-> Token Class Features added!: Window range 2:2
-> Outcome Prior Features added!
-> Previous Map Features added!
-> Sentence Features added!
-> Prefix Features added!
-> Suffix Features added!
-> Bigram Class Features added!
-> Brown Cluster Features added!
<?xml version="1.0" encoding="UTF-8"?>
<generators>
  <cache>
    <generators>
      <window prevLength="2" nextLength="2">
        <custom class="eus.ixa.ixa.pipe.nerc.features.TokenFeatureGenerator" />
      </window>
      <window prevLength="2" nextLength="2">
        <custom class="eus.ixa.ixa.pipe.nerc.features.TokenClassFeatureGenerator" />
      </window>
      <custom class="eus.ixa.ixa.pipe.nerc.features.OutcomePriorFeatureGenerator" />
      <custom class="eus.ixa.ixa.pipe.nerc.features.PreviousMapFeatureGenerator" />
      <custom class="eus.ixa.ixa.pipe.nerc.features.SentenceFeatureGenerator" begin="true" end="false" />
      <custom class="eus.ixa.ixa.pipe.nerc.features.Prefix34FeatureGenerator" />
      <custom class="eus.ixa.ixa.pipe.nerc.features.SuffixFeatureGenerator" />
      <custom class="eus.ixa.ixa.pipe.nerc.features.BigramClassFeatureGenerator" />
      <custom class="eus.ixa.ixa.pipe.nerc.features.Prev2MapFeatureGenerator" />
      <window prevLength="2" nextLength="2">
        <custom class="eus.ixa.ixa.pipe.nerc.features.PreviousMapTokenFeatureGenerator" />
      </window>
      <custom class="eus.ixa.ixa.pipe.nerc.features.BrownBigramFeatureGenerator" dict="brownrcv1cleantokenizedCoNLL03txtc1000freq1txt" />
      <window prevLength="2" nextLength="2">
        <custom class="eus.ixa.ixa.pipe.nerc.features.BrownTokenFeatureGenerator" dict="brownrcv1cleantokenizedCoNLL03txtc1000freq1txt" />
      </window>
      <window prevLength="2" nextLength="2">
        <custom class="eus.ixa.ixa.pipe.nerc.features.BrownTokenClassFeatureGenerator" dict="brownrcv1cleantokenizedCoNLL03txtc1000freq1txt" />
      </window>
    </generators>
  </cache>
</generators>

Indexing events using cutoff of 0

	Computing event counts...  done. 203621 events
	Indexing...  done.
Collecting events... Done indexing.
Incorporating indexed data for training...  
done.
	Number of Event Tokens: 203621
	    Number of Outcomes: 17
	  Number of Predicates: 677061
Computing model parameters...
Performing 500 iterations.
  1:  . (198162/203621) 0.9731903880248108
  2:  . (201183/203621) 0.9880267752343815
  3:  . (202092/203621) 0.9924909513262384
  4:  . (202535/203621) 0.9946665618968574
  5:  . (202798/203621) 0.995958177201762
  6:  . (202966/203621) 0.9967832394497621
  7:  . (203126/203621) 0.9975690130192858
  8:  . (203242/203621) 0.9981386988571905
  9:  . (203275/203621) 0.9983007646559049
 10:  . (203318/203621) 0.9985119413027144
 20:  . (203522/203621) 0.9995138026038571
 30:  . (203558/203621) 0.999690601657
 40:  . (203585/203621) 0.9998232009468572
 50:  . (203587/203621) 0.9998330231164761
 60:  . (203593/203621) 0.9998624896253333
Stopping: change in training set accuracy less than 1.0E-5
Stats: (203514/203621) 0.999474513925381
...done.
Final Result: 
Precision: 0.9027624309392265
Recall: 0.8679178470254958
F-Measure: 0.8849972919299512
Writing ixa-pipe-nerc model ... Compressed 677061 parameters to 97849
4428 outcome patterns
done (1.616s)

Wrote ixa-pipe-nerc model to
path: /home/ragerri/javacode/ixa-pipe-nerc/en-brown-conll03.bin

