CLI options: Namespace(params=en-light-clusters-conll03.properties)
-> Token features added!: Window range 2:2
-> Token Class Features added!: Window range 2:2
-> Outcome Prior Features added!
-> Previous Map Features added!
-> Sentence Features added!
-> Prefix Features added!
-> Suffix Features added!
-> Bigram Class Features added!
-> Brown Cluster Features added!
-> Clark Cluster Features added!
-> Word2Vec Clusters Features added!
<?xml version="1.0" encoding="UTF-8"?>
<generators>
  <cache>
    <generators>
      <window prevLength="2" nextLength="2">
        <custom class="eus.ixa.ixa.pipe.nerc.features.TokenFeatureGenerator" />
      </window>
      <window prevLength="2" nextLength="2">
        <custom class="eus.ixa.ixa.pipe.nerc.features.TokenClassFeatureGenerator" />
      </window>
      <custom class="eus.ixa.ixa.pipe.nerc.features.OutcomePriorFeatureGenerator" />
      <custom class="eus.ixa.ixa.pipe.nerc.features.PreviousMapFeatureGenerator" />
      <custom class="eus.ixa.ixa.pipe.nerc.features.SentenceFeatureGenerator" begin="true" end="false" />
      <custom class="eus.ixa.ixa.pipe.nerc.features.Prefix34FeatureGenerator" />
      <custom class="eus.ixa.ixa.pipe.nerc.features.SuffixFeatureGenerator" />
      <custom class="eus.ixa.ixa.pipe.nerc.features.BigramClassFeatureGenerator" />
      <custom class="eus.ixa.ixa.pipe.nerc.features.Prev2MapFeatureGenerator" />
      <window prevLength="2" nextLength="2">
        <custom class="eus.ixa.ixa.pipe.nerc.features.PreviousMapTokenFeatureGenerator" />
      </window>
      <custom class="eus.ixa.ixa.pipe.nerc.features.BrownBigramFeatureGenerator" dict="brownrcv1cleantokenizedCoNLL03txtc1000freq1txt" />
      <window prevLength="2" nextLength="2">
        <custom class="eus.ixa.ixa.pipe.nerc.features.BrownTokenFeatureGenerator" dict="brownrcv1cleantokenizedCoNLL03txtc1000freq1txt" />
      </window>
      <window prevLength="2" nextLength="2">
        <custom class="eus.ixa.ixa.pipe.nerc.features.BrownTokenClassFeatureGenerator" dict="brownrcv1cleantokenizedCoNLL03txtc1000freq1txt" />
      </window>
      <window prevLength="2" nextLength="2">
        <custom class="eus.ixa.ixa.pipe.nerc.features.ClarkFeatureGenerator" dict="enwikipediaprecleantokpunctlower600" />
      </window>
      <window prevLength="2" nextLength="2">
        <custom class="eus.ixa.ixa.pipe.nerc.features.Word2VecClusterFeatureGenerator" dict="enwikiword2vecs50w5400" />
      </window>
    </generators>
  </cache>
</generators>

Indexing events using cutoff of 0

	Computing event counts...  done. 203621 events
	Indexing...  done.
Collecting events... Done indexing.
Incorporating indexed data for training...  
done.
	Number of Event Tokens: 203621
	    Number of Outcomes: 17
	  Number of Predicates: 681894
Computing model parameters...
Performing 500 iterations.
  1:  . (198593/203621) 0.9753070655777155
  2:  . (201524/203621) 0.9897014551544291
  3:  . (202343/203621) 0.9937236336134289
  4:  . (202738/203621) 0.9956635121131907
  5:  . (203008/203621) 0.9969895050117621
  6:  . (203122/203621) 0.9975493686800477
  7:  . (203190/203621) 0.9978833224470953
  8:  . (203279/203621) 0.998320408995143
  9:  . (203372/203621) 0.9987771398824287
 10:  . (203421/203621) 0.9990177830380953
 20:  . (203536/203621) 0.9995825577911905
 30:  . (203573/203621) 0.9997642679291429
 40:  . (203584/203621) 0.9998182898620477
 50:  . (203585/203621) 0.9998232009468572
 60:  . (203597/203621) 0.9998821339645715
Stopping: change in training set accuracy less than 1.0E-5
Stats: (203606/203621) 0.9999263337278571
...done.
Final Result: 
Precision: 0.9119985543910373
Recall: 0.8935906515580736
F-Measure: 0.9027007690931853
Writing ixa-pipe-nerc model ... Compressed 681894 parameters to 95339
5179 outcome patterns
done (6.316s)

Wrote ixa-pipe-nerc model to
path: /home/ragerri/javacode/ixa-pipe-nerc/en-light-clusters-conll03.bin

