CLI options: Namespace(params=en-91-19-conll03.properties)
-> Token features added!: Window range 2:2
-> Token Class Features added!: Window range 2:2
-> Outcome Prior Features added!
-> Previous Map Features added!
-> Sentence Features added!
-> Prefix Features added!
-> Suffix Features added!
-> Bigram Class Features added!
-> Dictionary Features added!
-> Brown Cluster Features added!
-> Clark Cluster Features added!
-> Word2Vec Clusters Features added!
<?xml version="1.0" encoding="UTF-8"?>
<generators>
  <cache>
    <generators>
      <window prevLength="2" nextLength="2">
        <custom class="eus.ixa.ixa.pipe.nerc.features.TokenFeatureGenerator" />
      </window>
      <window prevLength="2" nextLength="2">
        <custom class="eus.ixa.ixa.pipe.nerc.features.TokenClassFeatureGenerator" />
      </window>
      <custom class="eus.ixa.ixa.pipe.nerc.features.OutcomePriorFeatureGenerator" />
      <custom class="eus.ixa.ixa.pipe.nerc.features.PreviousMapFeatureGenerator" />
      <custom class="eus.ixa.ixa.pipe.nerc.features.SentenceFeatureGenerator" begin="true" end="false" />
      <custom class="eus.ixa.ixa.pipe.nerc.features.Prefix34FeatureGenerator" />
      <custom class="eus.ixa.ixa.pipe.nerc.features.SuffixFeatureGenerator" />
      <custom class="eus.ixa.ixa.pipe.nerc.features.BigramClassFeatureGenerator" />
      <window prevLength="2" nextLength="2">
        <custom class="eus.ixa.ixa.pipe.nerc.features.DictionaryFeatureGenerator" dict="largegaztxt" seqCodec="BILOU" />
      </window>
      <custom class="eus.ixa.ixa.pipe.nerc.features.Prev2MapFeatureGenerator" />
      <window prevLength="2" nextLength="2">
        <custom class="eus.ixa.ixa.pipe.nerc.features.PreviousMapTokenFeatureGenerator" />
      </window>
      <custom class="eus.ixa.ixa.pipe.nerc.features.BrownBigramFeatureGenerator" dict="brownrcv1cleantokenizedCoNLL03txtc1000freq1txt" />
      <window prevLength="2" nextLength="2">
        <custom class="eus.ixa.ixa.pipe.nerc.features.BrownTokenFeatureGenerator" dict="brownrcv1cleantokenizedCoNLL03txtc1000freq1txt" />
      </window>
      <window prevLength="2" nextLength="2">
        <custom class="eus.ixa.ixa.pipe.nerc.features.BrownTokenClassFeatureGenerator" dict="brownrcv1cleantokenizedCoNLL03txtc1000freq1txt" />
      </window>
      <window prevLength="2" nextLength="2">
        <custom class="eus.ixa.ixa.pipe.nerc.features.ClarkFeatureGenerator" dict="reutersrcv1tokpunctlower600" />
      </window>
      <window prevLength="2" nextLength="2">
        <custom class="eus.ixa.ixa.pipe.nerc.features.ClarkFeatureGenerator" dict="enwikipediaprecleantokpunctlower600" />
      </window>
      <window prevLength="2" nextLength="2">
        <custom class="eus.ixa.ixa.pipe.nerc.features.Word2VecClusterFeatureGenerator" dict="engigawords50w5200" />
      </window>
      <window prevLength="2" nextLength="2">
        <custom class="eus.ixa.ixa.pipe.nerc.features.Word2VecClusterFeatureGenerator" dict="enwikiword2vecs50w5400" />
      </window>
    </generators>
  </cache>
</generators>

Indexing events using cutoff of 0

	Computing event counts...  done. 203621 events
	Indexing...  done.
Collecting events... Done indexing.
Incorporating indexed data for training...  
done.
	Number of Event Tokens: 203621
	    Number of Outcomes: 17
	  Number of Predicates: 816471
Computing model parameters...
Performing 500 iterations.
  1:  . (198906/203621) 0.9768442351230964
  2:  . (201743/203621) 0.9907769827277148
  3:  . (202440/203621) 0.9942000088399526
  4:  . (202849/203621) 0.9962086425270478
  5:  . (203050/203621) 0.9971957705737621
  6:  . (203178/203621) 0.997824389429381
  7:  . (203293/203621) 0.9983891641824763
  8:  . (203382/203621) 0.9988262507305239
  9:  . (203418/203621) 0.9990030497836667
 10:  . (203432/203621) 0.999071804971
 20:  . (203551/203621) 0.9996562240633333
 30:  . (203589/203621) 0.9998428452860952
 40:  . (203595/203621) 0.9998723117949524
 50:  . (203591/203621) 0.9998526674557143
 60:  . (203603/203621) 0.9999116004734285
 70:  . (203607/203621) 0.9999312448126667
Stopping: change in training set accuracy less than 1.0E-5
Stats: (203606/203621) 0.9999263337278571
...done.
Final Result: 
Precision: 0.9186130075458139
Recall: 0.9052762039660056
F-Measure: 0.9118958444801141
Writing ixa-pipe-nerc model ... Compressed 816471 parameters to 111428
6102 outcome patterns
done (11.104s)

Wrote ixa-pipe-nerc model to
path: /home/ragerri/javacode/ixa-pipe-nerc/en-91-19-conll03.bin

