CLI options: Namespace(params=en-best-clusters-conll03.properties)
-> Token features added!: Window range 2:2
-> Token Class Features added!: Window range 2:2
-> Outcome Prior Features added!
-> Previous Map Features added!
-> Sentence Features added!
-> Prefix Features added!
-> Suffix Features added!
-> Bigram Class Features added!
-> Brown Cluster Features added!
-> Clark Cluster Features added!
-> Word2Vec Clusters Features added!
<?xml version="1.0" encoding="UTF-8"?>
<generators>
  <cache>
    <generators>
      <window prevLength="2" nextLength="2">
        <custom class="eus.ixa.ixa.pipe.nerc.features.TokenFeatureGenerator" />
      </window>
      <window prevLength="2" nextLength="2">
        <custom class="eus.ixa.ixa.pipe.nerc.features.TokenClassFeatureGenerator" />
      </window>
      <custom class="eus.ixa.ixa.pipe.nerc.features.OutcomePriorFeatureGenerator" />
      <custom class="eus.ixa.ixa.pipe.nerc.features.PreviousMapFeatureGenerator" />
      <custom class="eus.ixa.ixa.pipe.nerc.features.SentenceFeatureGenerator" begin="true" end="false" />
      <custom class="eus.ixa.ixa.pipe.nerc.features.Prefix34FeatureGenerator" />
      <custom class="eus.ixa.ixa.pipe.nerc.features.SuffixFeatureGenerator" />
      <custom class="eus.ixa.ixa.pipe.nerc.features.BigramClassFeatureGenerator" />
      <custom class="eus.ixa.ixa.pipe.nerc.features.Prev2MapFeatureGenerator" />
      <window prevLength="2" nextLength="2">
        <custom class="eus.ixa.ixa.pipe.nerc.features.PreviousMapTokenFeatureGenerator" />
      </window>
      <custom class="eus.ixa.ixa.pipe.nerc.features.BrownBigramFeatureGenerator" dict="brownrcv1cleantokenizedCoNLL03txtc1000freq1txt" />
      <window prevLength="2" nextLength="2">
        <custom class="eus.ixa.ixa.pipe.nerc.features.BrownTokenFeatureGenerator" dict="brownrcv1cleantokenizedCoNLL03txtc1000freq1txt" />
      </window>
      <window prevLength="2" nextLength="2">
        <custom class="eus.ixa.ixa.pipe.nerc.features.BrownTokenClassFeatureGenerator" dict="brownrcv1cleantokenizedCoNLL03txtc1000freq1txt" />
      </window>
      <custom class="eus.ixa.ixa.pipe.nerc.features.BrownBigramFeatureGenerator" dict="brownwikipediacleantokpunctc1000p1txt" />
      <window prevLength="2" nextLength="2">
        <custom class="eus.ixa.ixa.pipe.nerc.features.BrownTokenFeatureGenerator" dict="brownwikipediacleantokpunctc1000p1txt" />
      </window>
      <window prevLength="2" nextLength="2">
        <custom class="eus.ixa.ixa.pipe.nerc.features.BrownTokenClassFeatureGenerator" dict="brownwikipediacleantokpunctc1000p1txt" />
      </window>
      <window prevLength="2" nextLength="2">
        <custom class="eus.ixa.ixa.pipe.nerc.features.ClarkFeatureGenerator" dict="reutersrcv1tokpunctlower600" />
      </window>
      <window prevLength="2" nextLength="2">
        <custom class="eus.ixa.ixa.pipe.nerc.features.ClarkFeatureGenerator" dict="enwikipediaprecleantokpunctlower600" />
      </window>
      <window prevLength="2" nextLength="2">
        <custom class="eus.ixa.ixa.pipe.nerc.features.Word2VecClusterFeatureGenerator" dict="engigawords50w5200" />
      </window>
      <window prevLength="2" nextLength="2">
        <custom class="eus.ixa.ixa.pipe.nerc.features.Word2VecClusterFeatureGenerator" dict="enwikiword2vecs50w5400" />
      </window>
    </generators>
  </cache>
</generators>

Indexing events using cutoff of 0

	Computing event counts...  done. 203621 events
	Indexing...  done.
Collecting events... Done indexing.
Incorporating indexed data for training...  
done.
	Number of Event Tokens: 203621
	    Number of Outcomes: 17
	  Number of Predicates: 735579
Computing model parameters...
Performing 500 iterations.
  1:  . (198723/203621) 0.9759455066029535
  2:  . (201510/203621) 0.9896326999670957
  3:  . (202393/203621) 0.9939691878539051
  4:  . (202749/203621) 0.9957175340460954
  5:  . (202956/203621) 0.9967341286016668
  6:  . (203089/203621) 0.9973873028813335
  7:  . (203243/203621) 0.9981436099420001
  8:  . (203295/203621) 0.9983989863520953
  9:  . (203356/203621) 0.9986985625254763
 10:  . (203446/203621) 0.9991405601583334
 20:  . (203551/203621) 0.9996562240633333
 30:  . (203571/203621) 0.9997544457595238
 40:  . (203587/203621) 0.9998330231164761
 50:  . (203588/203621) 0.9998379342012857
 60:  . (203607/203621) 0.9999312448126667
Stopping: change in training set accuracy less than 1.0E-5
Stats: (203606/203621) 0.9999263337278571
...done.
Final Result: 
Precision: 0.9166666666666666
Recall: 0.8997875354107648
F-Measure: 0.9081486776268763
Writing ixa-pipe-nerc model ... Compressed 735579 parameters to 107143
6714 outcome patterns
done (9.448s)

Wrote ixa-pipe-nerc model to
path: /home/ragerri/javacode/ixa-pipe-nerc/en-best-clusters-conll03.bin

