CLI options: Namespace(params=en-clark-conll03.properties)
-> Token features added!: Window range 2:2
-> Token Class Features added!: Window range 2:2
-> Outcome Prior Features added!
-> Previous Map Features added!
-> Sentence Features added!
-> Prefix Features added!
-> Suffix Features added!
-> Bigram Class Features added!
-> Clark Cluster Features added!
<?xml version="1.0" encoding="UTF-8"?>
<generators>
  <cache>
    <generators>
      <window prevLength="2" nextLength="2">
        <custom class="eus.ixa.ixa.pipe.nerc.features.TokenFeatureGenerator" />
      </window>
      <window prevLength="2" nextLength="2">
        <custom class="eus.ixa.ixa.pipe.nerc.features.TokenClassFeatureGenerator" />
      </window>
      <custom class="eus.ixa.ixa.pipe.nerc.features.OutcomePriorFeatureGenerator" />
      <custom class="eus.ixa.ixa.pipe.nerc.features.PreviousMapFeatureGenerator" />
      <custom class="eus.ixa.ixa.pipe.nerc.features.SentenceFeatureGenerator" begin="true" end="false" />
      <custom class="eus.ixa.ixa.pipe.nerc.features.Prefix34FeatureGenerator" />
      <custom class="eus.ixa.ixa.pipe.nerc.features.SuffixFeatureGenerator" />
      <custom class="eus.ixa.ixa.pipe.nerc.features.BigramClassFeatureGenerator" />
      <window prevLength="2" nextLength="2">
        <custom class="eus.ixa.ixa.pipe.nerc.features.ClarkFeatureGenerator" dict="enwikipediaprecleantokpunctlower600" />
      </window>
    </generators>
  </cache>
</generators>

Indexing events using cutoff of 0

	Computing event counts...  done. 203621 events
	Indexing...  done.
Collecting events... Done indexing.
Incorporating indexed data for training...  
done.
	Number of Event Tokens: 203621
	    Number of Outcomes: 17
	  Number of Predicates: 478883
Computing model parameters...
Performing 500 iterations.
  1:  . (198183/203621) 0.9732935208058108
  2:  . (201358/203621) 0.9888862150760481
  3:  . (202125/203621) 0.9926530171249527
  4:  . (202670/203621) 0.9953295583461431
  5:  . (202857/203621) 0.996247931205524
  6:  . (203030/203621) 0.9970975488775715
  7:  . (203146/203621) 0.9976672347154762
  8:  . (203227/203621) 0.9980650325850478
  9:  . (203275/203621) 0.9983007646559049
 10:  . (203353/203621) 0.9986838292710477
 20:  . (203499/203621) 0.9994008476532381
 30:  . (203544/203621) 0.9996218464696667
 40:  . (203570/203621) 0.9997495346747143
 50:  . (203582/203621) 0.9998084676924286
 60:  . (203584/203621) 0.9998182898620477
 70:  . (203587/203621) 0.9998330231164761
 80:  . (203602/203621) 0.999906689388619
Stopping: change in training set accuracy less than 1.0E-5
Stats: (203567/203621) 0.9997348014202857
...done.
Final Result: 
Precision: 0.9084701974534047
Recall: 0.8716359773371105
F-Measure: 0.8896719978313906
Writing ixa-pipe-nerc model ... Compressed 478883 parameters to 67179
3162 outcome patterns
done (3.972s)

Wrote ixa-pipe-nerc model to
path: /home/ragerri/javacode/ixa-pipe-nerc/en-clark-conll03.bin

