Afghani$country=Afghanistan
afghani$country=Afghanistan
Ålandic$country=Åland Islands
ålandic$country=Åland Islands
Albanian$country=Albania
albanian$country=Albania
Algerian$country=Algeria
algerian$country=Algeria
Andorran$country=Andorra
andorran$country=Andorra
Angolan$country=Angola
angolan$country=Angola
Anguillan$country=Anguilla
anguillan$country=Anguilla
Antiguan$country=Antigua & Barbuda
antiguan$country=Antigua & Barbuda
Argentine$country=Argentina
argentine$country=Argentina
Armenian$country=Armenia
armenian$country=Armenia
Arubian$country=Aruba
arubian$country=Aruba
Australian$country=Australia
australian$country=Australia
Austrian$country=Austria
austrian$country=Austria
Azerbaijani$country=Azerbaijan
azerbaijani$country=Azerbaijan
Bahamian$country=Bahamas
bahamian$country=Bahamas
Bahrainian$country=Bahrain
bahrainian$country=Bahrain
Bangladeshi$country=Bangladesh
bangladeshi$country=Bangladesh
Barbadian$country=Barbados
barbadian$country=Barbados
Belarusian$country=Belarus
belarusian$country=Belarus
Belgian$country=Belgium
belgian$country=Belgium
Belizean$country=Belize
belizean$country=Belize
Beninese$country=Benin
beninese$country=Benin
Bermudan$country=Bermuda
bermudan$country=Bermuda
Bolivian$country=Bolivia
bolivian$country=Bolivia
Dutch (Bonaire, Sint Eustatius and Saba)$country=Bonaire, Sint Eustatius & Saba
dutch (bonaire, sint eustatius and saba)$country=Bonaire, Sint Eustatius & Saba
Bosnian$country=Bosnia & Herzegovina
bosnian$country=Bosnia & Herzegovina
Batswana$country=Botswana
batswana$country=Botswana
Brazilian$country=Brazil
brazilian$country=Brazil
Bruneian$country=Brunei
bruneian$country=Brunei
Bulgarian$country=Bulgaria
bulgarian$country=Bulgaria
Burkinabe$country=Burkina Faso
burkinabe$country=Burkina Faso
Burundian$country=Burundi
burundian$country=Burundi
Cape Verdean$country=Cape Verde
cape verdean$country=Cape Verde
Cambodian$country=Cambodia
cambodian$country=Cambodia
Cameroonian$country=Cameroon
cameroonian$country=Cameroon
Canadian$country=Canada
canadian$country=Canada
Caymanian$country=Cayman Islands
caymanian$country=Cayman Islands
Central African$country=CAR
central african$country=CAR
Chadian$country=Chad
chadian$country=Chad
Chilean$country=Chile
chilean$country=Chile
Chinese$country=China
chinese$country=China
Colombian$country=Colombia
colombian$country=Colombia
Congolese (Brazzaville)$country=Rep. of the Congo
congolese (brazzaville)$country=Rep. of the Congo
Congolese (Kinshasa)$country=DR Congo
congolese (kinshasa)$country=DR Congo
Cook Islander$country=Cook Islands
cook islander$country=Cook Islands
Costa Rican$country=Costa Rica
costa rican$country=Costa Rica
Ivorian$country=Côte dIvoire
ivorian$country=Côte dIvoire
Croatian$country=Croatia
croatian$country=Croatia
Cuban$country=Cuba
cuban$country=Cuba
Curaçaoan$country=Curaçao
curaçaoan$country=Curaçao
Cypriot$country=Cyprus
cypriot$country=Cyprus
Czech$country=Czech Republic
czech$country=Czech Republic
Danish$country=Denmark
danish$country=Denmark
Djiboutian$country=Djibouti
djiboutian$country=Djibouti
Dominican$country=Dominica
dominican$country=Dominica
Dominican$country=Dominican Republic
dominican$country=Dominican Republic
Ecuadorean$country=Ecuador
ecuadorean$country=Ecuador
Egyptian$country=Egypt
egyptian$country=Egypt
Salvadorean$country=El Salvador
salvadorean$country=El Salvador
Equatorial Guinean$country=Equatorial Guinea
equatorial guinean$country=Equatorial Guinea
Eritrean$country=Eritrea
eritrean$country=Eritrea
Estonian$country=Estonia
estonian$country=Estonia
Ethiopian$country=Ethiopia
ethiopian$country=Ethiopia
Finnish$country=Finland
finnish$country=Finland
French$country=France
french$country=France
French Polynesian$country=French Polynesia
french polynesian$country=French Polynesia
Gabonese$country=Gabon
gabonese$country=Gabon
Gambian$country=Gambia
gambian$country=Gambia
Georgian$country=Georgia
georgian$country=Georgia
German$country=Germany
german$country=Germany
Ghanaian$country=Ghana
ghanaian$country=Ghana
Gibralterian$country=Gibraltar
gibralterian$country=Gibraltar
Greek$country=Greece
greek$country=Greece
Greenlander$country=Greenland
greenlander$country=Greenland
Grenadian$country=Grenada
grenadian$country=Grenada
Guadeloupean$country=Guadeloupe
guadeloupean$country=Guadeloupe
Guatemalan$country=Guatemala
guatemalan$country=Guatemala
British (Guernsey)$country=Guernsey
british (guernsey)$country=Guernsey
Guinean$country=Guinea
guinean$country=Guinea
Guyanese$country=Guyana
guyanese$country=Guyana
Haitian$country=Haiti
haitian$country=Haiti
Honduran$country=Honduras
honduran$country=Honduras
Hong Konger$country=Hong Kong
hong konger$country=Hong Kong
Hungarian$country=Hungary
hungarian$country=Hungary
Icelander$country=Iceland
icelander$country=Iceland
Indian$country=India
indian$country=India
Indonesian$country=Indonesia
indonesian$country=Indonesia
Iranian$country=Iran
iranian$country=Iran
Iraqi$country=Iraq
iraqi$country=Iraq
Irish$country=Ireland
irish$country=Ireland
Manx$country=Isle of Man
manx$country=Isle of Man
Israeli$country=Israel
israeli$country=Israel
Italian$country=Italy
italian$country=Italy
Jamaican$country=Jamaica
jamaican$country=Jamaica
Japanese$country=Japan
japanese$country=Japan
British (Jersey)$country=Jersey
british (jersey)$country=Jersey
Jordanian$country=Jordan
jordanian$country=Jordan
Kazakhstani$country=Kazakhstan
kazakhstani$country=Kazakhstan
Kenyan$country=Kenya
kenyan$country=Kenya
I-Kiribati$country=Kiribati
i-kiribati$country=Kiribati
South Korean$country=South Korea
south korean$country=South Korea
Kosovan$country=Kosovo
kosovan$country=Kosovo
Kuwaiti$country=Kuwait
kuwaiti$country=Kuwait
Kyrgyzstani$country=Kyrgyzstan
kyrgyzstani$country=Kyrgyzstan
Laotian$country=Laos
laotian$country=Laos
Latvian$country=Latvia
latvian$country=Latvia
Lebanese$country=Lebanon
lebanese$country=Lebanon
Mosotho$country=Lesotho
mosotho$country=Lesotho
Liberian$country=Liberia
liberian$country=Liberia
Libyan$country=Libya
libyan$country=Libya
Liechtensteiner$country=Liechtenstein
liechtensteiner$country=Liechtenstein
Lithunian$country=Lithuania
lithunian$country=Lithuania
Luxembourger$country=Luxembourg
luxembourger$country=Luxembourg
Macanese$country=Macau
macanese$country=Macau
Macedonian$country=Macedonia
macedonian$country=Macedonia
Malagasy$country=Madagascar
malagasy$country=Madagascar
Malawian$country=Malawi
malawian$country=Malawi
Malaysian$country=Malaysia
malaysian$country=Malaysia
Maldivan$country=Maldives
maldivan$country=Maldives
Malian$country=Mali
malian$country=Mali
Maltese$country=Malta
maltese$country=Malta
Marshallese$country=Marshall Islands
marshallese$country=Marshall Islands
Martinican$country=Martinique
martinican$country=Martinique
Mauritanian$country=Mauritania
mauritanian$country=Mauritania
Mauritian$country=Mauritius
mauritian$country=Mauritius
Mexican$country=Mexico
mexican$country=Mexico
Moldovan$country=Moldova
moldovan$country=Moldova
Monegasque$country=Monaco
monegasque$country=Monaco
Mongolian$country=Mongolia
mongolian$country=Mongolia
Montenegrin$country=Montenegro
montenegrin$country=Montenegro
Montserratian$country=Montserrat
montserratian$country=Montserrat
Moroccan$country=Morocco
moroccan$country=Morocco
Mozambican$country=Mozambique
mozambican$country=Mozambique
Burmese$country=Myanmar (Burma)
burmese$country=Myanmar (Burma)
Namibian$country=Namibia
namibian$country=Namibia
Nauruan$country=Nauru
nauruan$country=Nauru
Nepalese$country=Nepal
nepalese$country=Nepal
Dutch$country=Netherlands
dutch$country=Netherlands
New Caledonian$country=New Caledonia
new caledonian$country=New Caledonia
New Zealander$country=New Zealand
new zealander$country=New Zealand
Nicaraguan$country=Nicaragua
nicaraguan$country=Nicaragua
Nigerien$country=Niger
nigerien$country=Niger
Nigerian$country=Nigeria
nigerian$country=Nigeria
Niuean$country=Niue
niuean$country=Niue
Norfolk Islander$country=Norfolk Island
norfolk islander$country=Norfolk Island
Norwegian$country=Norway
norwegian$country=Norway
Omani$country=Oman
omani$country=Oman
Pakistani$country=Pakistan
pakistani$country=Pakistan
Palestinian$country=Palestine
palestinian$country=Palestine
Panamanian$country=Panama
panamanian$country=Panama
Papua New Guinean$country=Papua New Guinea
papua new guinean$country=Papua New Guinea
Paraguayan$country=Paraguay
paraguayan$country=Paraguay
Peruvian$country=Peru
peruvian$country=Peru
Filipino$country=Philippines
filipino$country=Philippines
Polish$country=Poland
polish$country=Poland
Portuguese$country=Portugal
portuguese$country=Portugal
Puerto Rican$country=Puerto Rico
puerto rican$country=Puerto Rico
Qatari$country=Qatar
qatari$country=Qatar
Reunionais$country=Réunion
reunionais$country=Réunion
Romanian$country=Romania
romanian$country=Romania
Russian$country=Russia
russian$country=Russia
Rwandan$country=Rwanda
rwandan$country=Rwanda
French (Saint Barthelemy)$country=St. Barthélemy
french (saint barthelemy)$country=St. Barthélemy
Kittian and Nevisian$country=St. Kitts & Nevis
kittian and nevisian$country=St. Kitts & Nevis
Saint Lucian$country=St. Lucia
saint lucian$country=St. Lucia
Saint Martinois$country=St. Martin
saint martinois$country=St. Martin
Saint Vincentian$country=St. Vincent
saint vincentian$country=St. Vincent
Samoan$country=Samoa
samoan$country=Samoa
Sanmarinese$country=San Marino
sanmarinese$country=San Marino
Saudi Arabian$country=Saudi Arabia
saudi arabian$country=Saudi Arabia
Senegalese$country=Senegal
senegalese$country=Senegal
Serbian$country=Serbia
serbian$country=Serbia
Seychellois$country=Seychelles
seychellois$country=Seychelles
Sierra Leonean$country=Sierra Leone
sierra leonean$country=Sierra Leone
Singaporean$country=Singapore
singaporean$country=Singapore
Slovakian$country=Slovakia
slovakian$country=Slovakia
Slovenian$country=Slovenia
slovenian$country=Slovenia
Solomon Islander$country=Solomon Islands
solomon islander$country=Solomon Islands
Somali$country=Somalia
somali$country=Somalia
South African$country=South Africa
south african$country=South Africa
Spanish$country=Spain
spanish$country=Spain
Sri Lankan$country=Sri Lanka
sri lankan$country=Sri Lanka
Sudanese$country=Sudan
sudanese$country=Sudan
Surinamer$country=Suriname
surinamer$country=Suriname
Swazi$country=Swaziland
swazi$country=Swaziland
Swedish$country=Sweden
swedish$country=Sweden
Swiss$country=Switzerland
swiss$country=Switzerland
Syrian$country=Syria
syrian$country=Syria
Taiwanese$country=Taiwan
taiwanese$country=Taiwan
Tajikistani$country=Tajikistan
tajikistani$country=Tajikistan
Tanzanian$country=Tanzania
tanzanian$country=Tanzania
Thai$country=Thailand
thai$country=Thailand
Togolese$country=Togo
togolese$country=Togo
Tongan$country=Tonga
tongan$country=Tonga
Trinidadian$country=Trinidad & Tobago
trinidadian$country=Trinidad & Tobago
Tunisian$country=Tunisia
tunisian$country=Tunisia
Turkish$country=Turkey
turkish$country=Turkey
Turkmen$country=Turkmenistan
turkmen$country=Turkmenistan
Turks and Caicos Islander$country=Turks & Caicos
turks and caicos islander$country=Turks & Caicos
Ugandan$country=Uganda
ugandan$country=Uganda
Ukrainian$country=Ukraine
ukrainian$country=Ukraine
Emirati$country=U.A.E.
emirati$country=U.A.E.
British$country=United Kingdom
british$country=United Kingdom
American$country=United States
american$country=United States
Uruguayan$country=Uruguay
uruguayan$country=Uruguay
Uzbekistani$country=Uzbekistan
uzbekistani$country=Uzbekistan
Ni-Vanuatu$country=Vanuatu
ni-vanuatu$country=Vanuatu
Venezuelan$country=Venezuela
venezuelan$country=Venezuela
Vietnamese$country=Vietnam
vietnamese$country=Vietnam
British Virgin Islander$country=BVI
british virgin islander$country=BVI
Virgin Islander (US)$country=U.S. Virgin Islands
virgin islander (us)$country=U.S. Virgin Islands
Yemeni$country=Yemen
yemeni$country=Yemen
Zambian$country=Zambia
zambian$country=Zambia
Zimbabwean$country=Zimbabwe
zimbabwean$country=Zimbabwe
