CLI options: Namespace(params=nl-clusters-dictlbj-conll02.properties)
-> Token features added!: Window range 2:2
-> Token Class Features added!: Window range 2:2
-> Word Shape SuperSense Features added!: Window range 2:2
-> Outcome Prior Features added!
-> Previous Map Features added!
-> Sentence Features added!
-> Prefix Features added!
-> Suffix Features added!
-> Bigram Class Features added!
-> Dictionary Features added!
-> Brown Cluster Features added!
-> Clark Cluster Features added!
-> Word2Vec Clusters Features added!
<?xml version="1.0" encoding="UTF-8"?>
<generators>
  <cache>
    <generators>
      <window prevLength="2" nextLength="2">
        <custom class="eus.ixa.ixa.pipe.nerc.features.TokenFeatureGenerator" />
      </window>
      <window prevLength="2" nextLength="2">
        <custom class="eus.ixa.ixa.pipe.nerc.features.TokenClassFeatureGenerator" />
      </window>
      <window prevLength="2" nextLength="2">
        <custom class="eus.ixa.ixa.pipe.nerc.features.WordShapeSuperSenseFeatureGenerator" />
      </window>
      <custom class="eus.ixa.ixa.pipe.nerc.features.OutcomePriorFeatureGenerator" />
      <custom class="eus.ixa.ixa.pipe.nerc.features.PreviousMapFeatureGenerator" />
      <custom class="eus.ixa.ixa.pipe.nerc.features.SentenceFeatureGenerator" begin="true" end="false" />
      <custom class="eus.ixa.ixa.pipe.nerc.features.Prefix34FeatureGenerator" />
      <custom class="eus.ixa.ixa.pipe.nerc.features.SuffixFeatureGenerator" />
      <custom class="eus.ixa.ixa.pipe.nerc.features.BigramClassFeatureGenerator" />
      <window prevLength="2" nextLength="2">
        <custom class="eus.ixa.ixa.pipe.nerc.features.DictionaryFeatureGenerator" dict="lbjgaz" seqCodec="BILOU" />
      </window>
      <custom class="eus.ixa.ixa.pipe.nerc.features.Prev2MapFeatureGenerator" />
      <window prevLength="2" nextLength="2">
        <custom class="eus.ixa.ixa.pipe.nerc.features.PreviousMapTokenFeatureGenerator" />
      </window>
      <custom class="eus.ixa.ixa.pipe.nerc.features.BrownBigramFeatureGenerator" dict="nlwikiprecleantokc1000p1txt" />
      <window prevLength="2" nextLength="2">
        <custom class="eus.ixa.ixa.pipe.nerc.features.BrownTokenFeatureGenerator" dict="nlwikiprecleantokc1000p1txt" />
      </window>
      <window prevLength="2" nextLength="2">
        <custom class="eus.ixa.ixa.pipe.nerc.features.BrownTokenClassFeatureGenerator" dict="nlwikiprecleantokc1000p1txt" />
      </window>
      <window prevLength="2" nextLength="2">
        <custom class="eus.ixa.ixa.pipe.nerc.features.ClarkFeatureGenerator" dict="nlwikiprecleantokpunctlower400" />
      </window>
      <window prevLength="2" nextLength="2">
        <custom class="eus.ixa.ixa.pipe.nerc.features.Word2VecClusterFeatureGenerator" dict="nlwikis50w5100" />
      </window>
    </generators>
  </cache>
</generators>

Indexing events using cutoff of 0

	Computing event counts...  done. 202644 events
	Indexing...  done.
Collecting events... Done indexing.
Incorporating indexed data for training...  
done.
	Number of Event Tokens: 202644
	    Number of Outcomes: 17
	  Number of Predicates: 987922
Computing model parameters...
Performing 100 iterations.
  1:  . (198466/202644) 0.9793825625234401
  2:  . (200810/202644) 0.9909496456840567
  3:  . (201504/202644) 0.9943743708177888
  4:  . (201851/202644) 0.9960867333846548
  5:  . (202091/202644) 0.9972710763703835
  6:  . (202213/202644) 0.9978731173881289
  7:  . (202290/202644) 0.9982530940960502
  8:  . (202387/202644) 0.9987317660527822
  9:  . (202428/202644) 0.9989340913128442
 10:  . (202444/202644) 0.9990130475118928
 20:  . (202601/202644) 0.999787805215057
 30:  . (202618/202644) 0.999871696176546
 40:  . (202626/202644) 0.9999111742760703
 50:  . (202634/202644) 0.9999506523755947
Stopping: change in training set accuracy less than 1.0E-5
Stats: (202617/202644) 0.9998667614141056
...done.
Final Result: 
Precision: 0.8631716906946265
Recall: 0.8355747272265922
F-Measure: 0.8491490458999484
Writing ixa-pipe-nerc model ... Compressed 987922 parameters to 105717
4190 outcome patterns
done (6.277s)

Wrote ixa-pipe-nerc model to
path: /home/ragerri/javacode/ixa-pipe-nerc/nl-clusters-dictlbj-conll02.bin

