CLI options: Namespace(params=es-clusters-dictlbj-conll02.properties)
-> Token features added!: Window range 2:2
-> Token Class Features added!: Window range 2:2
-> Outcome Prior Features added!
-> Previous Map Features added!
-> Sentence Features added!
-> Prefix Features added!
-> Suffix Features added!
-> Bigram Class Features added!
-> Dictionary Features added!
-> Brown Cluster Features added!
-> Clark Cluster Features added!
-> Word2Vec Clusters Features added!
<?xml version="1.0" encoding="UTF-8"?>
<generators>
  <cache>
    <generators>
      <window prevLength="2" nextLength="2">
        <custom class="eus.ixa.ixa.pipe.nerc.features.TokenFeatureGenerator" />
      </window>
      <window prevLength="2" nextLength="2">
        <custom class="eus.ixa.ixa.pipe.nerc.features.TokenClassFeatureGenerator" />
      </window>
      <custom class="eus.ixa.ixa.pipe.nerc.features.OutcomePriorFeatureGenerator" />
      <custom class="eus.ixa.ixa.pipe.nerc.features.PreviousMapFeatureGenerator" />
      <custom class="eus.ixa.ixa.pipe.nerc.features.SentenceFeatureGenerator" begin="true" end="false" />
      <custom class="eus.ixa.ixa.pipe.nerc.features.Prefix34FeatureGenerator" />
      <custom class="eus.ixa.ixa.pipe.nerc.features.SuffixFeatureGenerator" />
      <custom class="eus.ixa.ixa.pipe.nerc.features.BigramClassFeatureGenerator" />
      <window prevLength="2" nextLength="2">
        <custom class="eus.ixa.ixa.pipe.nerc.features.DictionaryFeatureGenerator" dict="lbjgaz" seqCodec="BILOU" />
      </window>
      <custom class="eus.ixa.ixa.pipe.nerc.features.Prev2MapFeatureGenerator" />
      <window prevLength="2" nextLength="2">
        <custom class="eus.ixa.ixa.pipe.nerc.features.PreviousMapTokenFeatureGenerator" />
      </window>
      <custom class="eus.ixa.ixa.pipe.nerc.features.BrownBigramFeatureGenerator" dict="esperiodicoprecleantokc1000p1txt" />
      <window prevLength="2" nextLength="2">
        <custom class="eus.ixa.ixa.pipe.nerc.features.BrownTokenFeatureGenerator" dict="esperiodicoprecleantokc1000p1txt" />
      </window>
      <window prevLength="2" nextLength="2">
        <custom class="eus.ixa.ixa.pipe.nerc.features.BrownTokenClassFeatureGenerator" dict="esperiodicoprecleantokc1000p1txt" />
      </window>
      <window prevLength="2" nextLength="2">
        <custom class="eus.ixa.ixa.pipe.nerc.features.ClarkFeatureGenerator" dict="eswikiprecleantokpunctlower400" />
      </window>
      <window prevLength="2" nextLength="2">
        <custom class="eus.ixa.ixa.pipe.nerc.features.ClarkFeatureGenerator" dict="esgigawordprecleantokpunctlower400" />
      </window>
      <window prevLength="2" nextLength="2">
        <custom class="eus.ixa.ixa.pipe.nerc.features.Word2VecClusterFeatureGenerator" dict="esgigawords50w5400" />
      </window>
    </generators>
  </cache>
</generators>

Indexing events using cutoff of 0

	Computing event counts...  done. 264715 events
	Indexing...  done.
Collecting events... Done indexing.
Incorporating indexed data for training...  
done.
	Number of Event Tokens: 264715
	    Number of Outcomes: 17
	  Number of Predicates: 912575
Computing model parameters...
Performing 500 iterations.
  1:  . (258444/264715) 0.9763103715316472
  2:  . (261538/264715) 0.9879984133879833
  3:  . (262408/264715) 0.9912849668511418
  4:  . (262878/264715) 0.9930604612507792
  5:  . (263207/264715) 0.9943033073305253
  6:  . (263482/264715) 0.9953421604366961
  7:  . (263669/264715) 0.9960485805488922
  8:  . (263743/264715) 0.9963281264756436
  9:  . (263867/264715) 0.9967965547853351
 10:  . (263948/264715) 0.9971025442456982
 20:  . (264287/264715) 0.9983831668020324
 30:  . (264457/264715) 0.9990253669040289
 40:  . (264521/264715) 0.9992671363541923
 50:  . (264548/264715) 0.99936913284098
 60:  . (264565/264715) 0.9994333528511796
 70:  . (264585/264715) 0.9995089058043556
 80:  . (264583/264715) 0.999501350509038
 90:  . (264609/264715) 0.9995995693481668
100:  . (264615/264715) 0.9996222352341197
Stopping: change in training set accuracy less than 1.0E-5
Stats: (264420/264715) 0.9988855939406531
...done.
Final Result: 
Precision: 0.843943661971831
Recall: 0.8420460933108488
F-Measure: 0.842993809791784
Writing ixa-pipe-nerc model ... Compressed 912575 parameters to 131896
6704 outcome patterns
done (6.866s)

Wrote ixa-pipe-nerc model to
path: /home/ragerri/javacode/ixa-pipe-nerc/es-clusters-dictlbj-conll02.bin

