CLI options: Namespace(params=es-clusters-conll02.properties)
-> Token features added!: Window range 2:2
-> Token Class Features added!: Window range 2:2
-> Outcome Prior Features added!
-> Previous Map Features added!
-> Sentence Features added!
-> Prefix Features added!
-> Suffix Features added!
-> Bigram Class Features added!
-> Brown Cluster Features added!
-> Clark Cluster Features added!
-> Word2Vec Clusters Features added!
<?xml version="1.0" encoding="UTF-8"?>
<generators>
  <cache>
    <generators>
      <window prevLength="2" nextLength="2">
        <custom class="eus.ixa.ixa.pipe.nerc.features.TokenFeatureGenerator" />
      </window>
      <window prevLength="2" nextLength="2">
        <custom class="eus.ixa.ixa.pipe.nerc.features.TokenClassFeatureGenerator" />
      </window>
      <custom class="eus.ixa.ixa.pipe.nerc.features.OutcomePriorFeatureGenerator" />
      <custom class="eus.ixa.ixa.pipe.nerc.features.PreviousMapFeatureGenerator" />
      <custom class="eus.ixa.ixa.pipe.nerc.features.SentenceFeatureGenerator" begin="true" end="false" />
      <custom class="eus.ixa.ixa.pipe.nerc.features.Prefix34FeatureGenerator" />
      <custom class="eus.ixa.ixa.pipe.nerc.features.SuffixFeatureGenerator" />
      <custom class="eus.ixa.ixa.pipe.nerc.features.BigramClassFeatureGenerator" />
      <custom class="eus.ixa.ixa.pipe.nerc.features.Prev2MapFeatureGenerator" />
      <window prevLength="2" nextLength="2">
        <custom class="eus.ixa.ixa.pipe.nerc.features.PreviousMapTokenFeatureGenerator" />
      </window>
      <custom class="eus.ixa.ixa.pipe.nerc.features.BrownBigramFeatureGenerator" dict="esperiodicoprecleantokc1000p1txt" />
      <window prevLength="2" nextLength="2">
        <custom class="eus.ixa.ixa.pipe.nerc.features.BrownTokenFeatureGenerator" dict="esperiodicoprecleantokc1000p1txt" />
      </window>
      <window prevLength="2" nextLength="2">
        <custom class="eus.ixa.ixa.pipe.nerc.features.BrownTokenClassFeatureGenerator" dict="esperiodicoprecleantokc1000p1txt" />
      </window>
      <window prevLength="2" nextLength="2">
        <custom class="eus.ixa.ixa.pipe.nerc.features.ClarkFeatureGenerator" dict="eswikiprecleantokpunctlower400" />
      </window>
      <window prevLength="2" nextLength="2">
        <custom class="eus.ixa.ixa.pipe.nerc.features.ClarkFeatureGenerator" dict="esgigawordprecleantokpunctlower400" />
      </window>
      <window prevLength="2" nextLength="2">
        <custom class="eus.ixa.ixa.pipe.nerc.features.Word2VecClusterFeatureGenerator" dict="esgigawords50w5400" />
      </window>
    </generators>
  </cache>
</generators>

Indexing events using cutoff of 0

	Computing event counts...  done. 264715 events
	Indexing...  done.
Collecting events... Done indexing.
Incorporating indexed data for training...  
done.
	Number of Event Tokens: 264715
	    Number of Outcomes: 17
	  Number of Predicates: 779093
Computing model parameters...
Performing 500 iterations.
  1:  . (258580/264715) 0.9768241316132444
  2:  . (261588/264715) 0.9881872957709235
  3:  . (262440/264715) 0.9914058515762235
  4:  . (262870/264715) 0.9930302400695087
  5:  . (263246/264715) 0.9944506355892186
  6:  . (263512/264715) 0.9954554898664602
  7:  . (263630/264715) 0.9959012522901989
  8:  . (263816/264715) 0.9966038947547362
  9:  . (263888/264715) 0.99687588538617
 10:  . (263979/264715) 0.9972196513231211
 20:  . (264317/264715) 0.9984964962317965
 30:  . (264465/264715) 0.9990555880852993
 40:  . (264521/264715) 0.9992671363541923
 50:  . (264549/264715) 0.9993729104886387
 60:  . (264579/264715) 0.9994862399184028
 70:  . (264589/264715) 0.9995240163949909
 80:  . (264610/264715) 0.9996033469958256
Stopping: change in training set accuracy less than 1.0E-5
Stats: (264360/264715) 0.998658935081125
...done.
Final Result: 
Precision: 0.8417650365373806
Recall: 0.8417650365373806
F-Measure: 0.8417650365373806
Writing ixa-pipe-nerc model ... Compressed 779093 parameters to 109373
6334 outcome patterns
done (5.164s)

Wrote ixa-pipe-nerc model to
path: /home/ragerri/javacode/ixa-pipe-nerc/es-clusters-conll02.bin

