CLI options: Namespace(params=nerc-models-1.5.0/de/de-clusters-dictlbj-conll03.properties)
-> Token features added!: Window range 2:2
-> Token Class Features added!: Window range 2:2
-> Outcome Prior Features added!
-> Previous Map Features added!
-> Sentence Features added!
-> Prefix Features added!
-> Suffix Features added!
-> Bigram Class Features added!
-> Trigram Class Features added!
-> CharNgram Class Features added!
-> Dictionary Features added!
-> Clark Cluster Features added!
-> Word2Vec Clusters Features added!
<?xml version="1.0" encoding="UTF-8"?>
<generators>
  <cache>
    <generators>
      <window prevLength="2" nextLength="2">
        <custom class="eus.ixa.ixa.pipe.nerc.features.TokenFeatureGenerator" />
      </window>
      <window prevLength="2" nextLength="2">
        <custom class="eus.ixa.ixa.pipe.nerc.features.TokenClassFeatureGenerator" />
      </window>
      <custom class="eus.ixa.ixa.pipe.nerc.features.OutcomePriorFeatureGenerator" />
      <custom class="eus.ixa.ixa.pipe.nerc.features.PreviousMapFeatureGenerator" />
      <custom class="eus.ixa.ixa.pipe.nerc.features.SentenceFeatureGenerator" begin="true" end="false" />
      <custom class="eus.ixa.ixa.pipe.nerc.features.Prefix34FeatureGenerator" />
      <custom class="eus.ixa.ixa.pipe.nerc.features.SuffixFeatureGenerator" />
      <custom class="eus.ixa.ixa.pipe.nerc.features.BigramClassFeatureGenerator" />
      <custom class="eus.ixa.ixa.pipe.nerc.features.TrigramClassFeatureGenerator" />
      <custom class="eus.ixa.ixa.pipe.nerc.features.CharacterNgramFeatureGenerator" minLength="2" maxLength="5" />
      <window prevLength="2" nextLength="2">
        <custom class="eus.ixa.ixa.pipe.nerc.features.DictionaryFeatureGenerator" dict="lbjgaz" seqCodec="BIO" />
      </window>
      <window prevLength="2" nextLength="2">
        <custom class="eus.ixa.ixa.pipe.nerc.features.ClarkFeatureGenerator" dict="abctokpunctlower500" />
      </window>
      <window prevLength="2" nextLength="2">
        <custom class="eus.ixa.ixa.pipe.nerc.features.Word2VecClusterFeatureGenerator" dict="sdewacs50w5100" />
      </window>
    </generators>
  </cache>
</generators>

Indexing events using cutoff of 0

	Computing event counts...  done. 206931 events
	Indexing...  done.
Collecting events... Done indexing.
Incorporating indexed data for training...  
done.
	Number of Event Tokens: 206931
	    Number of Outcomes: 9
	  Number of Predicates: 1203112
Computing model parameters...
Performing 500 iterations.
  1:  . (200706/206931) 0.9699175087347957
  2:  . (203853/206931) 0.9851254766081448
  3:  . (204653/206931) 0.9889914995819863
  4:  . (205198/206931) 0.9916252277329158
  5:  . (205688/206931) 0.9939931668043938
  6:  . (205903/206931) 0.9950321604786136
  7:  . (206091/206931) 0.9959406758774664
  8:  . (206167/206931) 0.9963079480599814
  9:  . (206341/206931) 0.9971488080567918
 10:  . (206420/206931) 0.9975305778254587
 20:  . (206735/206931) 0.9990528243714089
 30:  . (206811/206931) 0.9994200965539237
 40:  . (206841/206931) 0.9995650724154428
Stopping: change in training set accuracy less than 1.0E-5
Stats: (206777/206931) 0.9992557905775356
...done.
Final Result: 
Precision: 0.8372243839169909
Recall: 0.7029676014157364
F-Measure: 0.7642444871984608
Writing ixa-pipe-nerc model ... Compressed 1203112 parameters to 177107
368 outcome patterns
done (15.776s)

Wrote ixa-pipe-nerc model to
path: /sc01a4/users/ragerri/javacode/ixa-pipe-nerc/de-clusters-dictlbj-conll03.bin

