[2017-06-19T15:30:27,053][INFO ][o.e.n.Node               ] [] initializing ...
[2017-06-19T15:30:27,140][INFO ][o.e.e.NodeEnvironment    ] [9bhI5-x] using [1] data paths, mounts [[/home (/dev/sda8)]], net usable_space [65.3gb], net total_space [412.3gb], spins? [no], types [ext4]
[2017-06-19T15:30:27,141][INFO ][o.e.e.NodeEnvironment    ] [9bhI5-x] heap size [1.9gb], compressed ordinary object pointers [true]
[2017-06-19T15:30:27,144][INFO ][o.e.n.Node               ] node name [9bhI5-x] derived from node ID [9bhI5-xnTYyHUhFm-Z53TA]; set [node.name] to override
[2017-06-19T15:30:27,145][INFO ][o.e.n.Node               ] version[5.4.1], pid[726], build[2cfe0df/2017-05-29T16:05:51.443Z], OS[Linux/4.3.0-1-amd64/amd64], JVM[Oracle Corporation/Java HotSpot(TM) 64-Bit Server VM/1.8.0_74/25.74-b02]
[2017-06-19T15:30:27,145][INFO ][o.e.n.Node               ] JVM arguments [-Xms2g, -Xmx2g, -XX:+UseConcMarkSweepGC, -XX:CMSInitiatingOccupancyFraction=75, -XX:+UseCMSInitiatingOccupancyOnly, -XX:+DisableExplicitGC, -XX:+AlwaysPreTouch, -Xss1m, -Djava.awt.headless=true, -Dfile.encoding=UTF-8, -Djna.nosys=true, -Djdk.io.permissionsUseCanonicalPath=true, -Dio.netty.noUnsafe=true, -Dio.netty.noKeySetOptimization=true, -Dio.netty.recycler.maxCapacityPerThread=0, -Dlog4j.shutdownHookEnabled=false, -Dlog4j2.disable.jmx=true, -Dlog4j.skipJansi=true, -XX:+HeapDumpOnOutOfMemoryError, -Des.path.home=/home/julien/src/datashare/datashare-index/datashare-index-elasticsearch/opt/elasticsearch-5.4.1]
[2017-06-19T15:30:28,038][INFO ][o.e.p.PluginsService     ] [9bhI5-x] loaded module [aggs-matrix-stats]
[2017-06-19T15:30:28,039][INFO ][o.e.p.PluginsService     ] [9bhI5-x] loaded module [ingest-common]
[2017-06-19T15:30:28,039][INFO ][o.e.p.PluginsService     ] [9bhI5-x] loaded module [lang-expression]
[2017-06-19T15:30:28,039][INFO ][o.e.p.PluginsService     ] [9bhI5-x] loaded module [lang-groovy]
[2017-06-19T15:30:28,040][INFO ][o.e.p.PluginsService     ] [9bhI5-x] loaded module [lang-mustache]
[2017-06-19T15:30:28,040][INFO ][o.e.p.PluginsService     ] [9bhI5-x] loaded module [lang-painless]
[2017-06-19T15:30:28,040][INFO ][o.e.p.PluginsService     ] [9bhI5-x] loaded module [percolator]
[2017-06-19T15:30:28,040][INFO ][o.e.p.PluginsService     ] [9bhI5-x] loaded module [reindex]
[2017-06-19T15:30:28,040][INFO ][o.e.p.PluginsService     ] [9bhI5-x] loaded module [transport-netty3]
[2017-06-19T15:30:28,040][INFO ][o.e.p.PluginsService     ] [9bhI5-x] loaded module [transport-netty4]
[2017-06-19T15:30:28,041][INFO ][o.e.p.PluginsService     ] [9bhI5-x] no plugins loaded
[2017-06-19T15:30:29,366][INFO ][o.e.d.DiscoveryModule    ] [9bhI5-x] using discovery type [zen]
[2017-06-19T15:30:29,962][INFO ][o.e.n.Node               ] initialized
[2017-06-19T15:30:29,962][INFO ][o.e.n.Node               ] [9bhI5-x] starting ...
[2017-06-19T15:30:30,130][INFO ][o.e.t.TransportService   ] [9bhI5-x] publish_address {127.0.0.1:9300}, bound_addresses {[::1]:9300}, {127.0.0.1:9300}
[2017-06-19T15:30:30,139][WARN ][o.e.b.BootstrapChecks    ] [9bhI5-x] max file descriptors [4096] for elasticsearch process is too low, increase to at least [65536]
[2017-06-19T15:30:30,139][WARN ][o.e.b.BootstrapChecks    ] [9bhI5-x] max virtual memory areas vm.max_map_count [65530] is too low, increase to at least [262144]
[2017-06-19T15:30:33,200][INFO ][o.e.c.s.ClusterService   ] [9bhI5-x] new_master {9bhI5-x}{9bhI5-xnTYyHUhFm-Z53TA}{vCEmXfo2Q-yN5UAhxHXEYQ}{127.0.0.1}{127.0.0.1:9300}, reason: zen-disco-elected-as-master ([0] nodes joined)
[2017-06-19T15:30:33,224][INFO ][o.e.h.n.Netty4HttpServerTransport] [9bhI5-x] publish_address {127.0.0.1:9200}, bound_addresses {[::1]:9200}, {127.0.0.1:9200}
[2017-06-19T15:30:33,226][INFO ][o.e.n.Node               ] [9bhI5-x] started
[2017-06-19T15:30:33,254][INFO ][o.e.g.GatewayService     ] [9bhI5-x] recovered [0] indices into cluster_state
[2017-06-19T15:30:37,443][INFO ][o.e.n.Node               ] [9bhI5-x] stopping ...
[2017-06-19T15:30:37,486][INFO ][o.e.n.Node               ] [9bhI5-x] stopped
[2017-06-19T15:30:37,486][INFO ][o.e.n.Node               ] [9bhI5-x] closing ...
[2017-06-19T15:30:37,494][INFO ][o.e.n.Node               ] [9bhI5-x] closed
[2017-06-19T15:31:22,556][INFO ][o.e.n.Node               ] [] initializing ...
[2017-06-19T15:31:22,628][INFO ][o.e.e.NodeEnvironment    ] [9bhI5-x] using [1] data paths, mounts [[/home (/dev/sda8)]], net usable_space [65.3gb], net total_space [412.3gb], spins? [no], types [ext4]
[2017-06-19T15:31:22,629][INFO ][o.e.e.NodeEnvironment    ] [9bhI5-x] heap size [1.9gb], compressed ordinary object pointers [true]
[2017-06-19T15:31:22,631][INFO ][o.e.n.Node               ] node name [9bhI5-x] derived from node ID [9bhI5-xnTYyHUhFm-Z53TA]; set [node.name] to override
[2017-06-19T15:31:22,631][INFO ][o.e.n.Node               ] version[5.4.1], pid[929], build[2cfe0df/2017-05-29T16:05:51.443Z], OS[Linux/4.3.0-1-amd64/amd64], JVM[Oracle Corporation/Java HotSpot(TM) 64-Bit Server VM/1.8.0_74/25.74-b02]
[2017-06-19T15:31:22,632][INFO ][o.e.n.Node               ] JVM arguments [-Xms2g, -Xmx2g, -XX:+UseConcMarkSweepGC, -XX:CMSInitiatingOccupancyFraction=75, -XX:+UseCMSInitiatingOccupancyOnly, -XX:+DisableExplicitGC, -XX:+AlwaysPreTouch, -Xss1m, -Djava.awt.headless=true, -Dfile.encoding=UTF-8, -Djna.nosys=true, -Djdk.io.permissionsUseCanonicalPath=true, -Dio.netty.noUnsafe=true, -Dio.netty.noKeySetOptimization=true, -Dio.netty.recycler.maxCapacityPerThread=0, -Dlog4j.shutdownHookEnabled=false, -Dlog4j2.disable.jmx=true, -Dlog4j.skipJansi=true, -XX:+HeapDumpOnOutOfMemoryError, -Des.path.home=/home/julien/src/datashare/datashare-index/datashare-index-elasticsearch/opt/elasticsearch-5.4.1]
[2017-06-19T15:31:23,421][INFO ][o.e.p.PluginsService     ] [9bhI5-x] loaded module [aggs-matrix-stats]
[2017-06-19T15:31:23,422][INFO ][o.e.p.PluginsService     ] [9bhI5-x] loaded module [ingest-common]
[2017-06-19T15:31:23,422][INFO ][o.e.p.PluginsService     ] [9bhI5-x] loaded module [lang-expression]
[2017-06-19T15:31:23,422][INFO ][o.e.p.PluginsService     ] [9bhI5-x] loaded module [lang-groovy]
[2017-06-19T15:31:23,422][INFO ][o.e.p.PluginsService     ] [9bhI5-x] loaded module [lang-mustache]
[2017-06-19T15:31:23,422][INFO ][o.e.p.PluginsService     ] [9bhI5-x] loaded module [lang-painless]
[2017-06-19T15:31:23,422][INFO ][o.e.p.PluginsService     ] [9bhI5-x] loaded module [percolator]
[2017-06-19T15:31:23,422][INFO ][o.e.p.PluginsService     ] [9bhI5-x] loaded module [reindex]
[2017-06-19T15:31:23,423][INFO ][o.e.p.PluginsService     ] [9bhI5-x] loaded module [transport-netty3]
[2017-06-19T15:31:23,423][INFO ][o.e.p.PluginsService     ] [9bhI5-x] loaded module [transport-netty4]
[2017-06-19T15:31:23,424][INFO ][o.e.p.PluginsService     ] [9bhI5-x] no plugins loaded
[2017-06-19T15:31:25,005][INFO ][o.e.d.DiscoveryModule    ] [9bhI5-x] using discovery type [zen]
[2017-06-19T15:31:25,761][INFO ][o.e.n.Node               ] initialized
[2017-06-19T15:31:25,762][INFO ][o.e.n.Node               ] [9bhI5-x] starting ...
[2017-06-19T15:31:26,006][INFO ][o.e.t.TransportService   ] [9bhI5-x] publish_address {127.0.0.1:9300}, bound_addresses {[::1]:9300}, {127.0.0.1:9300}
[2017-06-19T15:31:26,020][WARN ][o.e.b.BootstrapChecks    ] [9bhI5-x] max file descriptors [4096] for elasticsearch process is too low, increase to at least [65536]
[2017-06-19T15:31:29,271][INFO ][o.e.c.s.ClusterService   ] [9bhI5-x] new_master {9bhI5-x}{9bhI5-xnTYyHUhFm-Z53TA}{WEVuUbziQZe5moQggMlmmw}{127.0.0.1}{127.0.0.1:9300}, reason: zen-disco-elected-as-master ([0] nodes joined)
[2017-06-19T15:31:29,305][INFO ][o.e.g.GatewayService     ] [9bhI5-x] recovered [0] indices into cluster_state
[2017-06-19T15:31:29,317][INFO ][o.e.h.n.Netty4HttpServerTransport] [9bhI5-x] publish_address {127.0.0.1:9200}, bound_addresses {[::1]:9200}, {127.0.0.1:9200}
[2017-06-19T15:31:29,319][INFO ][o.e.n.Node               ] [9bhI5-x] started
[2017-06-19T15:31:56,274][INFO ][o.e.n.Node               ] [9bhI5-x] stopping ...
[2017-06-19T15:31:56,314][INFO ][o.e.n.Node               ] [9bhI5-x] stopped
[2017-06-19T15:31:56,314][INFO ][o.e.n.Node               ] [9bhI5-x] closing ...
[2017-06-19T15:31:56,321][INFO ][o.e.n.Node               ] [9bhI5-x] closed
