CLI options: Namespace(params=nl-clusters-conll02.properties)
-> Token features added!: Window range 2:2
-> Token Class Features added!: Window range 2:2
-> Word Shape SuperSense Features added!: Window range 2:2
-> Outcome Prior Features added!
-> Previous Map Features added!
-> Sentence Features added!
-> Prefix Features added!
-> Suffix Features added!
-> Bigram Class Features added!
-> Brown Cluster Features added!
-> Clark Cluster Features added!
-> Word2Vec Clusters Features added!
<?xml version="1.0" encoding="UTF-8"?>
<generators>
  <cache>
    <generators>
      <window prevLength="2" nextLength="2">
        <custom class="eus.ixa.ixa.pipe.nerc.features.TokenFeatureGenerator" />
      </window>
      <window prevLength="2" nextLength="2">
        <custom class="eus.ixa.ixa.pipe.nerc.features.TokenClassFeatureGenerator" />
      </window>
      <window prevLength="2" nextLength="2">
        <custom class="eus.ixa.ixa.pipe.nerc.features.WordShapeSuperSenseFeatureGenerator" />
      </window>
      <custom class="eus.ixa.ixa.pipe.nerc.features.OutcomePriorFeatureGenerator" />
      <custom class="eus.ixa.ixa.pipe.nerc.features.PreviousMapFeatureGenerator" />
      <custom class="eus.ixa.ixa.pipe.nerc.features.SentenceFeatureGenerator" begin="true" end="false" />
      <custom class="eus.ixa.ixa.pipe.nerc.features.Prefix34FeatureGenerator" />
      <custom class="eus.ixa.ixa.pipe.nerc.features.SuffixFeatureGenerator" />
      <custom class="eus.ixa.ixa.pipe.nerc.features.BigramClassFeatureGenerator" />
      <custom class="eus.ixa.ixa.pipe.nerc.features.Prev2MapFeatureGenerator" />
      <window prevLength="2" nextLength="2">
        <custom class="eus.ixa.ixa.pipe.nerc.features.PreviousMapTokenFeatureGenerator" />
      </window>
      <custom class="eus.ixa.ixa.pipe.nerc.features.BrownBigramFeatureGenerator" dict="nlwikiprecleantokc1000p1txt" />
      <window prevLength="2" nextLength="2">
        <custom class="eus.ixa.ixa.pipe.nerc.features.BrownTokenFeatureGenerator" dict="nlwikiprecleantokc1000p1txt" />
      </window>
      <window prevLength="2" nextLength="2">
        <custom class="eus.ixa.ixa.pipe.nerc.features.BrownTokenClassFeatureGenerator" dict="nlwikiprecleantokc1000p1txt" />
      </window>
      <window prevLength="2" nextLength="2">
        <custom class="eus.ixa.ixa.pipe.nerc.features.ClarkFeatureGenerator" dict="nlwikiprecleantokpunctlower400" />
      </window>
      <window prevLength="2" nextLength="2">
        <custom class="eus.ixa.ixa.pipe.nerc.features.Word2VecClusterFeatureGenerator" dict="nlwikis50w5100" />
      </window>
    </generators>
  </cache>
</generators>

Indexing events using cutoff of 0

	Computing event counts...  done. 202644 events
	Indexing...  done.
Collecting events... Done indexing.
Incorporating indexed data for training...  
done.
	Number of Event Tokens: 202644
	    Number of Outcomes: 17
	  Number of Predicates: 852780
Computing model parameters...
Performing 100 iterations.
  1:  . (198413/202644) 0.9791210201140917
  2:  . (200795/202644) 0.9908756242474487
  3:  . (201511/202644) 0.9944089141548725
  4:  . (201850/202644) 0.9960817986222144
  5:  . (202063/202644) 0.9971329030220485
  6:  . (202175/202644) 0.9976855964153886
  7:  . (202308/202644) 0.9983419198199799
  8:  . (202385/202644) 0.9987218965279011
  9:  . (202424/202644) 0.998914352263082
 10:  . (202431/202644) 0.9989488956001658
 20:  . (202584/202644) 0.9997039142535679
 30:  . (202610/202644) 0.9998322180770217
 40:  . (202627/202644) 0.9999161090385109
 50:  . (202637/202644) 0.9999654566629163
Stopping: change in training set accuracy less than 1.0E-5
Stats: (202597/202644) 0.9997680661652948
...done.
Final Result: 
Precision: 0.8561320754716981
Recall: 0.8289774168992642
F-Measure: 0.842335954621632
Writing ixa-pipe-nerc model ... Compressed 852780 parameters to 92585
4101 outcome patterns
done (4.017s)

Wrote ixa-pipe-nerc model to
path: /home/ragerri/javacode/ixa-pipe-nerc/nl-clusters-conll02.bin

